<?xml version="1.0" encoding="UTF-8"?>
<testsuite name="com.commutr.dashboard.service.DashboardServiceTest" tests="4" skipped="0" failures="0" errors="0" timestamp="2026-04-08T14:07:06" hostname="RITENSE-176.local" time="0.004">
  <properties/>
  <testcase name="getProvider returns correct provider()" classname="com.commutr.dashboard.service.DashboardServiceTest" time="0.002"/>
  <testcase name="listDashboards with no providers returns empty()" classname="com.commutr.dashboard.service.DashboardServiceTest" time="0.0"/>
  <testcase name="listDashboards returns all providers()" classname="com.commutr.dashboard.service.DashboardServiceTest" time="0.001"/>
  <testcase name="getProvider throws 404 for unknown id()" classname="com.commutr.dashboard.service.DashboardServiceTest" time="0.001"/>
  <system-out><![CDATA[]]></system-out>
  <system-err><![CDATA[]]></system-err>
</testsuite>
