<?xml version="1.0" encoding="UTF-8"?>
<testsuite name="com.commutr.dashboard.controller.CrudControllerTest$Coaches" tests="4" skipped="0" failures="0" errors="0" timestamp="2026-04-08T14:07:05" hostname="RITENSE-176.local" time="0.107">
  <properties/>
  <testcase name="POST with invalid team returns 400()" classname="com.commutr.dashboard.controller.CrudControllerTest$Coaches" time="0.019"/>
  <testcase name="PUT updates coach()" classname="com.commutr.dashboard.controller.CrudControllerTest$Coaches" time="0.006"/>
  <testcase name="GET all coaches()" classname="com.commutr.dashboard.controller.CrudControllerTest$Coaches" time="0.066"/>
  <testcase name="POST creates coach with team reference()" classname="com.commutr.dashboard.controller.CrudControllerTest$Coaches" time="0.012"/>
  <system-out><![CDATA[2026-04-08T16:07:05.601+02:00  INFO 81998 --- [    Test worker] t.c.s.AnnotationConfigContextLoaderUtils : Could not detect default configuration classes for test class [com.commutr.dashboard.controller.CrudControllerTest$Coaches]: Coaches does not declare any static, non-private, non-final, nested classes annotated with @Configuration.
2026-04-08T16:07:05.602+02:00  INFO 81998 --- [    Test worker] .b.t.c.SpringBootTestContextBootstrapper : Found @SpringBootConfiguration com.commutr.dashboard.DashboardApplication for test class com.commutr.dashboard.controller.CrudControllerTest$Coaches
]]></system-out>
  <system-err><![CDATA[]]></system-err>
</testsuite>
