<?xml version="1.0" encoding="UTF-8"?>
<testsuite name="com.commutr.dashboard.controller.CrudControllerTest$Contactmomenten" tests="2" skipped="0" failures="0" errors="0" timestamp="2026-04-08T14:07:05" hostname="RITENSE-176.local" time="0.247">
  <properties/>
  <testcase name="DELETE contactmoment()" classname="com.commutr.dashboard.controller.CrudControllerTest$Contactmomenten" time="0.234"/>
  <testcase name="POST creates contactmoment()" classname="com.commutr.dashboard.controller.CrudControllerTest$Contactmomenten" time="0.012"/>
  <system-out><![CDATA[2026-04-08T16:07:05.712+02:00  INFO 81998 --- [    Test worker] t.c.s.AnnotationConfigContextLoaderUtils : Could not detect default configuration classes for test class [com.commutr.dashboard.controller.CrudControllerTest$Contactmomenten]: Contactmomenten does not declare any static, non-private, non-final, nested classes annotated with @Configuration.
2026-04-08T16:07:05.713+02:00  INFO 81998 --- [    Test worker] .b.t.c.SpringBootTestContextBootstrapper : Found @SpringBootConfiguration com.commutr.dashboard.DashboardApplication for test class com.commutr.dashboard.controller.CrudControllerTest$Contactmomenten
]]></system-out>
  <system-err><![CDATA[]]></system-err>
</testsuite>
