<?xml version="1.0" encoding="UTF-8"?>
<testsuite name="com.commutr.dashboard.controller.CrudControllerTest" tests="0" skipped="0" failures="0" errors="0" timestamp="1970-01-01T00:00:00" hostname="RITENSE-176.local" time="0.0">
  <properties/>
  <system-out><![CDATA[16:07:02.953 [Test worker] INFO org.springframework.test.context.support.AnnotationConfigContextLoaderUtils -- Could not detect default configuration classes for test class [com.commutr.dashboard.controller.CrudControllerTest]: CrudControllerTest does not declare any static, non-private, non-final, nested classes annotated with @Configuration.
16:07:03.045 [Test worker] INFO org.springframework.boot.test.context.SpringBootTestContextBootstrapper -- Found @SpringBootConfiguration com.commutr.dashboard.DashboardApplication for test class com.commutr.dashboard.controller.CrudControllerTest
]]></system-out>
  <system-err><![CDATA[]]></system-err>
</testsuite>
