<?xml version="1.0" encoding="UTF-8"?>
<testsuite name="com.commutr.dashboard.controller.CrudControllerTest$AanbodCrud" tests="3" skipped="0" failures="0" errors="0" timestamp="2026-04-08T14:07:05" hostname="RITENSE-176.local" time="0.528">
  <properties/>
  <testcase name="POST creates aanbod with afsluitreden and eindDatum()" classname="com.commutr.dashboard.controller.CrudControllerTest$AanbodCrud" time="0.512"/>
  <testcase name="PUT updates aanbod()" classname="com.commutr.dashboard.controller.CrudControllerTest$AanbodCrud" time="0.009"/>
  <testcase name="POST creates aanbod with nullable afsluitreden()" classname="com.commutr.dashboard.controller.CrudControllerTest$AanbodCrud" time="0.006"/>
  <system-out><![CDATA[16:07:03.093 [Test worker] INFO org.springframework.test.context.support.AnnotationConfigContextLoaderUtils -- Could not detect default configuration classes for test class [com.commutr.dashboard.controller.CrudControllerTest$AanbodCrud]: AanbodCrud does not declare any static, non-private, non-final, nested classes annotated with @Configuration.
16:07:03.096 [Test worker] INFO org.springframework.boot.test.context.SpringBootTestContextBootstrapper -- Found @SpringBootConfiguration com.commutr.dashboard.DashboardApplication for test class com.commutr.dashboard.controller.CrudControllerTest$AanbodCrud

  .   ____          _            __ _ _
 /\\ / ___'_ __ _ _(_)_ __  __ _ \ \ \ \
( ( )\___ | '_ | '_| | '_ \/ _` | \ \ \ \
 \\/  ___)| |_)| | | | | || (_| |  ) ) ) )
  '  |____| .__|_| |_|_| |_\__, | / / / /
 =========|_|==============|___/=/_/_/_/

 :: Spring Boot ::                (v3.4.4)

2026-04-08T16:07:03.305+02:00  INFO 81998 --- [    Test worker] c.c.d.controller.CrudControllerTest      : Starting CrudControllerTest using Java 21.0.1 with PID 81998 (started by petervanmanen in /Users/petervanmanen/Documents/commutr/plaatsingdashboardpoc/testimplementation/backend)
2026-04-08T16:07:03.306+02:00  INFO 81998 --- [    Test worker] c.c.d.controller.CrudControllerTest      : The following 1 profile is active: "test"
2026-04-08T16:07:03.666+02:00  INFO 81998 --- [    Test worker] .s.d.r.c.RepositoryConfigurationDelegate : Bootstrapping Spring Data JPA repositories in DEFAULT mode.
2026-04-08T16:07:03.716+02:00  INFO 81998 --- [    Test worker] .s.d.r.c.RepositoryConfigurationDelegate : Finished Spring Data repository scanning in 44 ms. Found 6 JPA repository interfaces.
2026-04-08T16:07:03.921+02:00  INFO 81998 --- [    Test worker] o.hibernate.jpa.internal.util.LogHelper  : HHH000204: Processing PersistenceUnitInfo [name: default]
2026-04-08T16:07:03.951+02:00  INFO 81998 --- [    Test worker] org.hibernate.Version                    : HHH000412: Hibernate ORM core version 6.6.11.Final
2026-04-08T16:07:03.966+02:00  INFO 81998 --- [    Test worker] o.h.c.internal.RegionFactoryInitiator    : HHH000026: Second-level cache disabled
2026-04-08T16:07:04.089+02:00  INFO 81998 --- [    Test worker] o.s.o.j.p.SpringPersistenceUnitInfo      : No LoadTimeWeaver setup: ignoring JPA class transformer
2026-04-08T16:07:04.104+02:00  INFO 81998 --- [    Test worker] com.zaxxer.hikari.HikariDataSource       : HikariPool-1 - Starting...
2026-04-08T16:07:04.204+02:00  INFO 81998 --- [    Test worker] com.zaxxer.hikari.pool.HikariPool        : HikariPool-1 - Added connection conn0: url=jdbc:h2:mem:testdb user=SA
2026-04-08T16:07:04.205+02:00  INFO 81998 --- [    Test worker] com.zaxxer.hikari.HikariDataSource       : HikariPool-1 - Start completed.
2026-04-08T16:07:04.247+02:00  INFO 81998 --- [    Test worker] org.hibernate.orm.connections.pooling    : HHH10001005: Database info:
	Database JDBC URL [Connecting through datasource 'HikariDataSource (HikariPool-1)']
	Database driver: undefined/unknown
	Database version: 2.3.232
	Autocommit mode: undefined/unknown
	Isolation level: undefined/unknown
	Minimum pool size: undefined/unknown
	Maximum pool size: undefined/unknown
2026-04-08T16:07:04.619+02:00  INFO 81998 --- [    Test worker] o.h.e.t.j.p.i.JtaPlatformInitiator       : HHH000489: No JTA platform available (set 'hibernate.transaction.jta.platform' to enable JTA platform integration)
2026-04-08T16:07:04.649+02:00  INFO 81998 --- [    Test worker] j.LocalContainerEntityManagerFactoryBean : Initialized JPA EntityManagerFactory for persistence unit 'default'
2026-04-08T16:07:04.887+02:00  WARN 81998 --- [    Test worker] JpaBaseConfiguration$JpaWebConfiguration : spring.jpa.open-in-view is enabled by default. Therefore, database queries may be performed during view rendering. Explicitly configure spring.jpa.open-in-view to disable this warning
2026-04-08T16:07:05.042+02:00  INFO 81998 --- [    Test worker] o.s.b.t.m.w.SpringBootMockServletContext : Initializing Spring TestDispatcherServlet ''
2026-04-08T16:07:05.042+02:00  INFO 81998 --- [    Test worker] o.s.t.web.servlet.TestDispatcherServlet  : Initializing Servlet ''
2026-04-08T16:07:05.043+02:00  INFO 81998 --- [    Test worker] o.s.t.web.servlet.TestDispatcherServlet  : Completed initialization in 1 ms
2026-04-08T16:07:05.064+02:00  INFO 81998 --- [    Test worker] c.c.d.controller.CrudControllerTest      : Started CrudControllerTest in 1.936 seconds (process running for 2.908)
]]></system-out>
  <system-err><![CDATA[Mockito is currently self-attaching to enable the inline-mock-maker. This will no longer work in future releases of the JDK. Please add Mockito as an agent to your build what is described in Mockito's documentation: https://javadoc.io/doc/org.mockito/mockito-core/latest/org/mockito/Mockito.html#0.3
WARNING: A Java agent has been loaded dynamically (/Users/petervanmanen/.gradle/caches/modules-2/files-2.1/net.bytebuddy/byte-buddy-agent/1.15.11/a38b16385e867f59a641330f0362ebe742788ed8/byte-buddy-agent-1.15.11.jar)
WARNING: If a serviceability tool is in use, please run with -XX:+EnableDynamicAgentLoading to hide this warning
WARNING: If a serviceability tool is not in use, please run with -Djdk.instrument.traceUsage for more information
WARNING: Dynamic loading of agents will be disallowed by default in a future release
]]></system-err>
</testsuite>
