<?xml version="1.0" encoding="UTF-8"?>
<testsuite name="com.commutr.dashboard.controller.DashboardControllerTest$GetChart" tests="2" skipped="0" failures="0" errors="0" timestamp="2026-04-08T14:07:06" hostname="RITENSE-176.local" time="0.032">
  <properties/>
  <testcase name="returns chart data()" classname="com.commutr.dashboard.controller.DashboardControllerTest$GetChart" time="0.023"/>
  <testcase name="year filter returns 12 months()" classname="com.commutr.dashboard.controller.DashboardControllerTest$GetChart" time="0.008"/>
  <system-out><![CDATA[2026-04-08T16:07:06.063+02:00  INFO 81998 --- [    Test worker] t.c.s.AnnotationConfigContextLoaderUtils : Could not detect default configuration classes for test class [com.commutr.dashboard.controller.DashboardControllerTest$GetChart]: GetChart does not declare any static, non-private, non-final, nested classes annotated with @Configuration.
2026-04-08T16:07:06.064+02:00  INFO 81998 --- [    Test worker] .b.t.c.SpringBootTestContextBootstrapper : Found @SpringBootConfiguration com.commutr.dashboard.DashboardApplication for test class com.commutr.dashboard.controller.DashboardControllerTest$GetChart
]]></system-out>
  <system-err><![CDATA[]]></system-err>
</testsuite>
