<?xml version="1.0" encoding="UTF-8"?>
<testsuite name="com.commutr.dashboard.service.dashboard.PlaatsingDashboardProviderTest$GetFilterOptions" tests="4" skipped="0" failures="0" errors="0" timestamp="2026-05-05T09:30:44" hostname="RITENSE-176.local" time="0.024">
  <properties/>
  <testcase name="cascading - team filter narrows other options()" classname="com.commutr.dashboard.service.dashboard.PlaatsingDashboardProviderTest$GetFilterOptions" time="0.006"/>
  <testcase name="cascading - year filter does not apply to year options()" classname="com.commutr.dashboard.service.dashboard.PlaatsingDashboardProviderTest$GetFilterOptions" time="0.006"/>
  <testcase name="returns all distinct teams()" classname="com.commutr.dashboard.service.dashboard.PlaatsingDashboardProviderTest$GetFilterOptions" time="0.006"/>
  <testcase name="returns all distinct years()" classname="com.commutr.dashboard.service.dashboard.PlaatsingDashboardProviderTest$GetFilterOptions" time="0.005"/>
  <system-out><![CDATA[2026-05-05T11:30:44.834+02:00  INFO 21043 --- [    Test worker] t.c.s.AnnotationConfigContextLoaderUtils : Could not detect default configuration classes for test class [com.commutr.dashboard.service.dashboard.PlaatsingDashboardProviderTest$GetFilterOptions]: GetFilterOptions does not declare any static, non-private, non-final, nested classes annotated with @Configuration.
2026-05-05T11:30:44.836+02:00  INFO 21043 --- [    Test worker] .b.t.c.SpringBootTestContextBootstrapper : Found @SpringBootConfiguration com.commutr.dashboard.DashboardApplication for test class com.commutr.dashboard.service.dashboard.PlaatsingDashboardProviderTest$GetFilterOptions
Hibernate: insert into teams (name,id) values (?,default)
Hibernate: insert into teams (name,id) values (?,default)
Hibernate: insert into coaches (full_name,team_id,id) values (?,?,default)
Hibernate: insert into coaches (full_name,team_id,id) values (?,?,default)
Hibernate: insert into inwoners (administratienummer,birthdate,full_name,id) values (?,?,?,default)
Hibernate: insert into inwoners (administratienummer,birthdate,full_name,id) values (?,?,?,default)
Hibernate: insert into plaatsingen (afsluitreden,coach_id,inwoner_id,soort,start_date,team_id,type,zaakstatus,id) values (?,?,?,?,?,?,?,?,default)
Hibernate: insert into plaatsingen (afsluitreden,coach_id,inwoner_id,soort,start_date,team_id,type,zaakstatus,id) values (?,?,?,?,?,?,?,?,default)
Hibernate: select p1_0.id,p1_0.afsluitreden,p1_0.coach_id,p1_0.inwoner_id,p1_0.soort,p1_0.start_date,p1_0.team_id,p1_0.type,p1_0.zaakstatus from plaatsingen p1_0 join teams t1_0 on t1_0.id=p1_0.team_id where t1_0.name=?
Hibernate: select p1_0.id,p1_0.afsluitreden,p1_0.coach_id,p1_0.inwoner_id,p1_0.soort,p1_0.start_date,p1_0.team_id,p1_0.type,p1_0.zaakstatus from plaatsingen p1_0 where 1=1
Hibernate: select p1_0.id,p1_0.afsluitreden,p1_0.coach_id,p1_0.inwoner_id,p1_0.soort,p1_0.start_date,p1_0.team_id,p1_0.type,p1_0.zaakstatus from plaatsingen p1_0 join teams t1_0 on t1_0.id=p1_0.team_id where t1_0.name=?
Hibernate: select p1_0.id,p1_0.afsluitreden,p1_0.coach_id,p1_0.inwoner_id,p1_0.soort,p1_0.start_date,p1_0.team_id,p1_0.type,p1_0.zaakstatus from plaatsingen p1_0 join teams t1_0 on t1_0.id=p1_0.team_id where t1_0.name=?
Hibernate: select p1_0.id,p1_0.afsluitreden,p1_0.coach_id,p1_0.inwoner_id,p1_0.soort,p1_0.start_date,p1_0.team_id,p1_0.type,p1_0.zaakstatus from plaatsingen p1_0 join teams t1_0 on t1_0.id=p1_0.team_id where t1_0.name=?
Hibernate: select p1_0.id,p1_0.afsluitreden,p1_0.coach_id,p1_0.inwoner_id,p1_0.soort,p1_0.start_date,p1_0.team_id,p1_0.type,p1_0.zaakstatus from plaatsingen p1_0 join teams t1_0 on t1_0.id=p1_0.team_id where t1_0.name=?
Hibernate: select p1_0.id,p1_0.afsluitreden,p1_0.coach_id,p1_0.inwoner_id,p1_0.soort,p1_0.start_date,p1_0.team_id,p1_0.type,p1_0.zaakstatus from plaatsingen p1_0 join teams t1_0 on t1_0.id=p1_0.team_id where t1_0.name=?
Hibernate: insert into teams (name,id) values (?,default)
Hibernate: insert into teams (name,id) values (?,default)
Hibernate: insert into coaches (full_name,team_id,id) values (?,?,default)
Hibernate: insert into coaches (full_name,team_id,id) values (?,?,default)
Hibernate: insert into inwoners (administratienummer,birthdate,full_name,id) values (?,?,?,default)
Hibernate: insert into inwoners (administratienummer,birthdate,full_name,id) values (?,?,?,default)
Hibernate: insert into plaatsingen (afsluitreden,coach_id,inwoner_id,soort,start_date,team_id,type,zaakstatus,id) values (?,?,?,?,?,?,?,?,default)
Hibernate: insert into plaatsingen (afsluitreden,coach_id,inwoner_id,soort,start_date,team_id,type,zaakstatus,id) values (?,?,?,?,?,?,?,?,default)
Hibernate: select p1_0.id,p1_0.afsluitreden,p1_0.coach_id,p1_0.inwoner_id,p1_0.soort,p1_0.start_date,p1_0.team_id,p1_0.type,p1_0.zaakstatus from plaatsingen p1_0 where 1=1
Hibernate: select p1_0.id,p1_0.afsluitreden,p1_0.coach_id,p1_0.inwoner_id,p1_0.soort,p1_0.start_date,p1_0.team_id,p1_0.type,p1_0.zaakstatus from plaatsingen p1_0 where p1_0.start_date between ? and ?
Hibernate: select p1_0.id,p1_0.afsluitreden,p1_0.coach_id,p1_0.inwoner_id,p1_0.soort,p1_0.start_date,p1_0.team_id,p1_0.type,p1_0.zaakstatus from plaatsingen p1_0 where p1_0.start_date between ? and ?
Hibernate: select p1_0.id,p1_0.afsluitreden,p1_0.coach_id,p1_0.inwoner_id,p1_0.soort,p1_0.start_date,p1_0.team_id,p1_0.type,p1_0.zaakstatus from plaatsingen p1_0 where p1_0.start_date between ? and ?
Hibernate: select p1_0.id,p1_0.afsluitreden,p1_0.coach_id,p1_0.inwoner_id,p1_0.soort,p1_0.start_date,p1_0.team_id,p1_0.type,p1_0.zaakstatus from plaatsingen p1_0 where p1_0.start_date between ? and ?
Hibernate: select p1_0.id,p1_0.afsluitreden,p1_0.coach_id,p1_0.inwoner_id,p1_0.soort,p1_0.start_date,p1_0.team_id,p1_0.type,p1_0.zaakstatus from plaatsingen p1_0 where p1_0.start_date between ? and ?
Hibernate: select p1_0.id,p1_0.afsluitreden,p1_0.coach_id,p1_0.inwoner_id,p1_0.soort,p1_0.start_date,p1_0.team_id,p1_0.type,p1_0.zaakstatus from plaatsingen p1_0 where p1_0.start_date between ? and ?
Hibernate: insert into teams (name,id) values (?,default)
Hibernate: insert into teams (name,id) values (?,default)
Hibernate: insert into coaches (full_name,team_id,id) values (?,?,default)
Hibernate: insert into coaches (full_name,team_id,id) values (?,?,default)
Hibernate: insert into inwoners (administratienummer,birthdate,full_name,id) values (?,?,?,default)
Hibernate: insert into inwoners (administratienummer,birthdate,full_name,id) values (?,?,?,default)
Hibernate: insert into plaatsingen (afsluitreden,coach_id,inwoner_id,soort,start_date,team_id,type,zaakstatus,id) values (?,?,?,?,?,?,?,?,default)
Hibernate: insert into plaatsingen (afsluitreden,coach_id,inwoner_id,soort,start_date,team_id,type,zaakstatus,id) values (?,?,?,?,?,?,?,?,default)
Hibernate: select p1_0.id,p1_0.afsluitreden,p1_0.coach_id,p1_0.inwoner_id,p1_0.soort,p1_0.start_date,p1_0.team_id,p1_0.type,p1_0.zaakstatus from plaatsingen p1_0 where 1=1
Hibernate: select p1_0.id,p1_0.afsluitreden,p1_0.coach_id,p1_0.inwoner_id,p1_0.soort,p1_0.start_date,p1_0.team_id,p1_0.type,p1_0.zaakstatus from plaatsingen p1_0 where 1=1
Hibernate: select p1_0.id,p1_0.afsluitreden,p1_0.coach_id,p1_0.inwoner_id,p1_0.soort,p1_0.start_date,p1_0.team_id,p1_0.type,p1_0.zaakstatus from plaatsingen p1_0 where 1=1
Hibernate: select p1_0.id,p1_0.afsluitreden,p1_0.coach_id,p1_0.inwoner_id,p1_0.soort,p1_0.start_date,p1_0.team_id,p1_0.type,p1_0.zaakstatus from plaatsingen p1_0 where 1=1
Hibernate: select p1_0.id,p1_0.afsluitreden,p1_0.coach_id,p1_0.inwoner_id,p1_0.soort,p1_0.start_date,p1_0.team_id,p1_0.type,p1_0.zaakstatus from plaatsingen p1_0 where 1=1
Hibernate: select p1_0.id,p1_0.afsluitreden,p1_0.coach_id,p1_0.inwoner_id,p1_0.soort,p1_0.start_date,p1_0.team_id,p1_0.type,p1_0.zaakstatus from plaatsingen p1_0 where 1=1
Hibernate: select p1_0.id,p1_0.afsluitreden,p1_0.coach_id,p1_0.inwoner_id,p1_0.soort,p1_0.start_date,p1_0.team_id,p1_0.type,p1_0.zaakstatus from plaatsingen p1_0 where 1=1
Hibernate: insert into teams (name,id) values (?,default)
Hibernate: insert into teams (name,id) values (?,default)
Hibernate: insert into coaches (full_name,team_id,id) values (?,?,default)
Hibernate: insert into coaches (full_name,team_id,id) values (?,?,default)
Hibernate: insert into inwoners (administratienummer,birthdate,full_name,id) values (?,?,?,default)
Hibernate: insert into inwoners (administratienummer,birthdate,full_name,id) values (?,?,?,default)
Hibernate: insert into plaatsingen (afsluitreden,coach_id,inwoner_id,soort,start_date,team_id,type,zaakstatus,id) values (?,?,?,?,?,?,?,?,default)
Hibernate: insert into plaatsingen (afsluitreden,coach_id,inwoner_id,soort,start_date,team_id,type,zaakstatus,id) values (?,?,?,?,?,?,?,?,default)
Hibernate: select p1_0.id,p1_0.afsluitreden,p1_0.coach_id,p1_0.inwoner_id,p1_0.soort,p1_0.start_date,p1_0.team_id,p1_0.type,p1_0.zaakstatus from plaatsingen p1_0 where 1=1
Hibernate: select p1_0.id,p1_0.afsluitreden,p1_0.coach_id,p1_0.inwoner_id,p1_0.soort,p1_0.start_date,p1_0.team_id,p1_0.type,p1_0.zaakstatus from plaatsingen p1_0 where 1=1
Hibernate: select p1_0.id,p1_0.afsluitreden,p1_0.coach_id,p1_0.inwoner_id,p1_0.soort,p1_0.start_date,p1_0.team_id,p1_0.type,p1_0.zaakstatus from plaatsingen p1_0 where 1=1
Hibernate: select p1_0.id,p1_0.afsluitreden,p1_0.coach_id,p1_0.inwoner_id,p1_0.soort,p1_0.start_date,p1_0.team_id,p1_0.type,p1_0.zaakstatus from plaatsingen p1_0 where 1=1
Hibernate: select p1_0.id,p1_0.afsluitreden,p1_0.coach_id,p1_0.inwoner_id,p1_0.soort,p1_0.start_date,p1_0.team_id,p1_0.type,p1_0.zaakstatus from plaatsingen p1_0 where 1=1
Hibernate: select p1_0.id,p1_0.afsluitreden,p1_0.coach_id,p1_0.inwoner_id,p1_0.soort,p1_0.start_date,p1_0.team_id,p1_0.type,p1_0.zaakstatus from plaatsingen p1_0 where 1=1
Hibernate: select p1_0.id,p1_0.afsluitreden,p1_0.coach_id,p1_0.inwoner_id,p1_0.soort,p1_0.start_date,p1_0.team_id,p1_0.type,p1_0.zaakstatus from plaatsingen p1_0 where 1=1
]]></system-out>
  <system-err><![CDATA[]]></system-err>
</testsuite>
