<?xml version="1.0" encoding="UTF-8"?>
<testsuite name="com.commutr.dashboard.service.dashboard.PlaatsingDashboardProviderTest$GetChartData" tests="4" skipped="0" failures="0" errors="0" timestamp="2026-04-08T14:07:07" hostname="RITENSE-176.local" time="0.01">
  <properties/>
  <testcase name="shows all 12 months when year filter active()" classname="com.commutr.dashboard.service.dashboard.PlaatsingDashboardProviderTest$GetChartData" time="0.003"/>
  <testcase name="groups records by month()" classname="com.commutr.dashboard.service.dashboard.PlaatsingDashboardProviderTest$GetChartData" time="0.003"/>
  <testcase name="returns empty chart when no data()" classname="com.commutr.dashboard.service.dashboard.PlaatsingDashboardProviderTest$GetChartData" time="0.002"/>
  <testcase name="fills gaps between months with zeros()" classname="com.commutr.dashboard.service.dashboard.PlaatsingDashboardProviderTest$GetChartData" time="0.002"/>
  <system-out><![CDATA[2026-04-08T16:07:07.259+02:00  INFO 81998 --- [    Test worker] t.c.s.AnnotationConfigContextLoaderUtils : Could not detect default configuration classes for test class [com.commutr.dashboard.service.dashboard.PlaatsingDashboardProviderTest$GetChartData]: GetChartData does not declare any static, non-private, non-final, nested classes annotated with @Configuration.
2026-04-08T16:07:07.261+02:00  INFO 81998 --- [    Test worker] .b.t.c.SpringBootTestContextBootstrapper : Found @SpringBootConfiguration com.commutr.dashboard.DashboardApplication for test class com.commutr.dashboard.service.dashboard.PlaatsingDashboardProviderTest$GetChartData
Hibernate: insert into teams (name,id) values (?,default)
Hibernate: insert into teams (name,id) values (?,default)
Hibernate: insert into coaches (full_name,team_id,id) values (?,?,default)
Hibernate: insert into coaches (full_name,team_id,id) values (?,?,default)
Hibernate: insert into inwoners (administratienummer,birthdate,full_name,id) values (?,?,?,default)
Hibernate: insert into inwoners (administratienummer,birthdate,full_name,id) values (?,?,?,default)
Hibernate: insert into plaatsingen (coach_id,inwoner_id,start_date,team_id,type,id) values (?,?,?,?,?,default)
Hibernate: select p1_0.id,p1_0.coach_id,p1_0.inwoner_id,p1_0.start_date,p1_0.team_id,p1_0.type from plaatsingen p1_0 where p1_0.start_date between ? and ?
Hibernate: insert into teams (name,id) values (?,default)
Hibernate: insert into teams (name,id) values (?,default)
Hibernate: insert into coaches (full_name,team_id,id) values (?,?,default)
Hibernate: insert into coaches (full_name,team_id,id) values (?,?,default)
Hibernate: insert into inwoners (administratienummer,birthdate,full_name,id) values (?,?,?,default)
Hibernate: insert into inwoners (administratienummer,birthdate,full_name,id) values (?,?,?,default)
Hibernate: insert into plaatsingen (coach_id,inwoner_id,start_date,team_id,type,id) values (?,?,?,?,?,default)
Hibernate: insert into plaatsingen (coach_id,inwoner_id,start_date,team_id,type,id) values (?,?,?,?,?,default)
Hibernate: insert into plaatsingen (coach_id,inwoner_id,start_date,team_id,type,id) values (?,?,?,?,?,default)
Hibernate: select p1_0.id,p1_0.coach_id,p1_0.inwoner_id,p1_0.start_date,p1_0.team_id,p1_0.type from plaatsingen p1_0 where 1=1
Hibernate: insert into teams (name,id) values (?,default)
Hibernate: insert into teams (name,id) values (?,default)
Hibernate: insert into coaches (full_name,team_id,id) values (?,?,default)
Hibernate: insert into coaches (full_name,team_id,id) values (?,?,default)
Hibernate: insert into inwoners (administratienummer,birthdate,full_name,id) values (?,?,?,default)
Hibernate: insert into inwoners (administratienummer,birthdate,full_name,id) values (?,?,?,default)
Hibernate: select p1_0.id,p1_0.coach_id,p1_0.inwoner_id,p1_0.start_date,p1_0.team_id,p1_0.type from plaatsingen p1_0 where 1=1
Hibernate: insert into teams (name,id) values (?,default)
Hibernate: insert into teams (name,id) values (?,default)
Hibernate: insert into coaches (full_name,team_id,id) values (?,?,default)
Hibernate: insert into coaches (full_name,team_id,id) values (?,?,default)
Hibernate: insert into inwoners (administratienummer,birthdate,full_name,id) values (?,?,?,default)
Hibernate: insert into inwoners (administratienummer,birthdate,full_name,id) values (?,?,?,default)
Hibernate: insert into plaatsingen (coach_id,inwoner_id,start_date,team_id,type,id) values (?,?,?,?,?,default)
Hibernate: insert into plaatsingen (coach_id,inwoner_id,start_date,team_id,type,id) values (?,?,?,?,?,default)
Hibernate: select p1_0.id,p1_0.coach_id,p1_0.inwoner_id,p1_0.start_date,p1_0.team_id,p1_0.type from plaatsingen p1_0 where 1=1
]]></system-out>
  <system-err><![CDATA[]]></system-err>
</testsuite>
