<?xml version="1.0" encoding="UTF-8"?>
<testsuite name="com.commutr.dashboard.controller.CrudControllerTest$Contactmomenten" tests="2" skipped="0" failures="0" errors="0" timestamp="2026-05-05T09:30:43" hostname="RITENSE-176.local" time="0.214">
  <properties/>
  <testcase name="DELETE contactmoment()" classname="com.commutr.dashboard.controller.CrudControllerTest$Contactmomenten" time="0.201"/>
  <testcase name="POST creates contactmoment()" classname="com.commutr.dashboard.controller.CrudControllerTest$Contactmomenten" time="0.012"/>
  <system-out><![CDATA[2026-05-05T11:30:43.180+02:00  INFO 21043 --- [    Test worker] t.c.s.AnnotationConfigContextLoaderUtils : Could not detect default configuration classes for test class [com.commutr.dashboard.controller.CrudControllerTest$Contactmomenten]: Contactmomenten does not declare any static, non-private, non-final, nested classes annotated with @Configuration.
2026-05-05T11:30:43.181+02:00  INFO 21043 --- [    Test worker] .b.t.c.SpringBootTestContextBootstrapper : Found @SpringBootConfiguration com.commutr.dashboard.DashboardApplication for test class com.commutr.dashboard.controller.CrudControllerTest$Contactmomenten
]]></system-out>
  <system-err><![CDATA[]]></system-err>
</testsuite>
