<?xml version="1.0" encoding="UTF-8"?>
<testsuite name="com.commutr.dashboard.controller.CrudControllerTest$Inwoners" tests="2" skipped="0" failures="0" errors="0" timestamp="2026-04-08T13:26:04" hostname="RITENSE-176.local" time="0.014">
  <properties/>
  <testcase name="PUT updates inwoner()" classname="com.commutr.dashboard.controller.CrudControllerTest$Inwoners" time="0.009"/>
  <testcase name="POST creates inwoner()" classname="com.commutr.dashboard.controller.CrudControllerTest$Inwoners" time="0.004"/>
  <system-out><![CDATA[2026-04-08T15:26:04.439+02:00  INFO 68739 --- [    Test worker] t.c.s.AnnotationConfigContextLoaderUtils : Could not detect default configuration classes for test class [com.commutr.dashboard.controller.CrudControllerTest$Inwoners]: Inwoners does not declare any static, non-private, non-final, nested classes annotated with @Configuration.
2026-04-08T15:26:04.440+02:00  INFO 68739 --- [    Test worker] .b.t.c.SpringBootTestContextBootstrapper : Found @SpringBootConfiguration com.commutr.dashboard.DashboardApplication for test class com.commutr.dashboard.controller.CrudControllerTest$Inwoners
]]></system-out>
  <system-err><![CDATA[]]></system-err>
</testsuite>
