<?xml version="1.0" encoding="UTF-8"?>
<testsuite name="com.commutr.dashboard.service.dashboard.AanbodResultaatDashboardProviderTest$GetConfig" tests="3" skipped="0" failures="0" errors="0" timestamp="2026-04-08T14:07:06" hostname="RITENSE-176.local" time="0.007">
  <properties/>
  <testcase name="does not have coach filter()" classname="com.commutr.dashboard.service.dashboard.AanbodResultaatDashboardProviderTest$GetConfig" time="0.003"/>
  <testcase name="detail table has eindDatum column, not startDate or coach()" classname="com.commutr.dashboard.service.dashboard.AanbodResultaatDashboardProviderTest$GetConfig" time="0.002"/>
  <testcase name="chart type is stacked-bar()" classname="com.commutr.dashboard.service.dashboard.AanbodResultaatDashboardProviderTest$GetConfig" time="0.002"/>
  <system-out><![CDATA[2026-04-08T16:07:06.759+02:00  INFO 81998 --- [    Test worker] t.c.s.AnnotationConfigContextLoaderUtils : Could not detect default configuration classes for test class [com.commutr.dashboard.service.dashboard.AanbodResultaatDashboardProviderTest$GetConfig]: GetConfig does not declare any static, non-private, non-final, nested classes annotated with @Configuration.
2026-04-08T16:07:06.761+02:00  INFO 81998 --- [    Test worker] .b.t.c.SpringBootTestContextBootstrapper : Found @SpringBootConfiguration com.commutr.dashboard.DashboardApplication for test class com.commutr.dashboard.service.dashboard.AanbodResultaatDashboardProviderTest$GetConfig
Hibernate: insert into teams (name,id) values (?,default)
Hibernate: insert into teams (name,id) values (?,default)
Hibernate: insert into coaches (full_name,team_id,id) values (?,?,default)
Hibernate: insert into coaches (full_name,team_id,id) values (?,?,default)
Hibernate: insert into inwoners (administratienummer,birthdate,full_name,id) values (?,?,?,default)
Hibernate: insert into teams (name,id) values (?,default)
Hibernate: insert into teams (name,id) values (?,default)
Hibernate: insert into coaches (full_name,team_id,id) values (?,?,default)
Hibernate: insert into coaches (full_name,team_id,id) values (?,?,default)
Hibernate: insert into inwoners (administratienummer,birthdate,full_name,id) values (?,?,?,default)
Hibernate: insert into teams (name,id) values (?,default)
Hibernate: insert into teams (name,id) values (?,default)
Hibernate: insert into coaches (full_name,team_id,id) values (?,?,default)
Hibernate: insert into coaches (full_name,team_id,id) values (?,?,default)
Hibernate: insert into inwoners (administratienummer,birthdate,full_name,id) values (?,?,?,default)
]]></system-out>
  <system-err><![CDATA[]]></system-err>
</testsuite>
