<?xml version="1.0" encoding="UTF-8"?>
<testsuite name="com.commutr.dashboard.controller.CrudControllerTest$Plaatsingen" tests="5" skipped="0" failures="0" errors="0" timestamp="2026-04-08T14:07:05" hostname="RITENSE-176.local" time="0.033">
  <properties/>
  <testcase name="POST creates plaatsing()" classname="com.commutr.dashboard.controller.CrudControllerTest$Plaatsingen" time="0.011"/>
  <testcase name="POST with invalid inwoner returns 400()" classname="com.commutr.dashboard.controller.CrudControllerTest$Plaatsingen" time="0.004"/>
  <testcase name="DELETE plaatsing()" classname="com.commutr.dashboard.controller.CrudControllerTest$Plaatsingen" time="0.005"/>
  <testcase name="PUT updates plaatsing()" classname="com.commutr.dashboard.controller.CrudControllerTest$Plaatsingen" time="0.005"/>
  <testcase name="GET all plaatsingen()" classname="com.commutr.dashboard.controller.CrudControllerTest$Plaatsingen" time="0.006"/>
  <system-out><![CDATA[2026-04-08T16:07:05.983+02:00  INFO 81998 --- [    Test worker] t.c.s.AnnotationConfigContextLoaderUtils : Could not detect default configuration classes for test class [com.commutr.dashboard.controller.CrudControllerTest$Plaatsingen]: Plaatsingen does not declare any static, non-private, non-final, nested classes annotated with @Configuration.
2026-04-08T16:07:05.984+02:00  INFO 81998 --- [    Test worker] .b.t.c.SpringBootTestContextBootstrapper : Found @SpringBootConfiguration com.commutr.dashboard.DashboardApplication for test class com.commutr.dashboard.controller.CrudControllerTest$Plaatsingen
]]></system-out>
  <system-err><![CDATA[]]></system-err>
</testsuite>
