<?xml version="1.0" encoding="UTF-8"?>
<testsuite name="com.commutr.dashboard.controller.DashboardControllerTest$GetDetails" tests="2" skipped="0" failures="0" errors="0" timestamp="2026-04-08T14:07:06" hostname="RITENSE-176.local" time="0.021">
  <properties/>
  <testcase name="returns detail rows for month()" classname="com.commutr.dashboard.controller.DashboardControllerTest$GetDetails" time="0.012"/>
  <testcase name="aanbod details support category param()" classname="com.commutr.dashboard.controller.DashboardControllerTest$GetDetails" time="0.008"/>
  <system-out><![CDATA[2026-04-08T16:07:06.127+02:00  INFO 81998 --- [    Test worker] t.c.s.AnnotationConfigContextLoaderUtils : Could not detect default configuration classes for test class [com.commutr.dashboard.controller.DashboardControllerTest$GetDetails]: GetDetails does not declare any static, non-private, non-final, nested classes annotated with @Configuration.
2026-04-08T16:07:06.128+02:00  INFO 81998 --- [    Test worker] .b.t.c.SpringBootTestContextBootstrapper : Found @SpringBootConfiguration com.commutr.dashboard.DashboardApplication for test class com.commutr.dashboard.controller.DashboardControllerTest$GetDetails
]]></system-out>
  <system-err><![CDATA[]]></system-err>
</testsuite>
