<?xml version="1.0" encoding="UTF-8"?>
<testsuite name="com.commutr.dashboard.controller.DashboardControllerTest$ListDashboards" tests="1" skipped="0" failures="0" errors="0" timestamp="2026-04-08T13:26:04" hostname="RITENSE-176.local" time="0.004">
  <properties/>
  <testcase name="returns all dashboards()" classname="com.commutr.dashboard.controller.DashboardControllerTest$ListDashboards" time="0.004"/>
  <system-out><![CDATA[2026-04-08T15:26:04.642+02:00  INFO 68739 --- [    Test worker] t.c.s.AnnotationConfigContextLoaderUtils : Could not detect default configuration classes for test class [com.commutr.dashboard.controller.DashboardControllerTest$ListDashboards]: ListDashboards does not declare any static, non-private, non-final, nested classes annotated with @Configuration.
2026-04-08T15:26:04.642+02:00  INFO 68739 --- [    Test worker] .b.t.c.SpringBootTestContextBootstrapper : Found @SpringBootConfiguration com.commutr.dashboard.DashboardApplication for test class com.commutr.dashboard.controller.DashboardControllerTest$ListDashboards
]]></system-out>
  <system-err><![CDATA[]]></system-err>
</testsuite>
