<?xml version="1.0" encoding="UTF-8"?>
<testsuite name="com.commutr.dashboard.controller.CrudControllerTest$Coaches" tests="4" skipped="0" failures="0" errors="0" timestamp="2026-05-05T09:30:43" hostname="RITENSE-176.local" time="0.089">
  <properties/>
  <testcase name="POST with invalid team returns 400()" classname="com.commutr.dashboard.controller.CrudControllerTest$Coaches" time="0.018"/>
  <testcase name="PUT updates coach()" classname="com.commutr.dashboard.controller.CrudControllerTest$Coaches" time="0.007"/>
  <testcase name="GET all coaches()" classname="com.commutr.dashboard.controller.CrudControllerTest$Coaches" time="0.058"/>
  <testcase name="POST creates coach with team reference()" classname="com.commutr.dashboard.controller.CrudControllerTest$Coaches" time="0.004"/>
  <system-out><![CDATA[2026-05-05T11:30:43.087+02:00  INFO 21043 --- [    Test worker] t.c.s.AnnotationConfigContextLoaderUtils : Could not detect default configuration classes for test class [com.commutr.dashboard.controller.CrudControllerTest$Coaches]: Coaches does not declare any static, non-private, non-final, nested classes annotated with @Configuration.
2026-05-05T11:30:43.088+02:00  INFO 21043 --- [    Test worker] .b.t.c.SpringBootTestContextBootstrapper : Found @SpringBootConfiguration com.commutr.dashboard.DashboardApplication for test class com.commutr.dashboard.controller.CrudControllerTest$Coaches
]]></system-out>
  <system-err><![CDATA[]]></system-err>
</testsuite>
