<?xml version="1.0" encoding="UTF-8"?>
<testsuite name="com.commutr.dashboard.service.dashboard.AanbodDashboardProviderTest$GetConfig" tests="2" skipped="0" failures="0" errors="0" timestamp="2026-05-05T09:30:44" hostname="RITENSE-176.local" time="0.005">
  <properties/>
  <testcase name="returns correct filter keys()" classname="com.commutr.dashboard.service.dashboard.AanbodDashboardProviderTest$GetConfig" time="0.002"/>
  <testcase name="chart type is stacked-bar()" classname="com.commutr.dashboard.service.dashboard.AanbodDashboardProviderTest$GetConfig" time="0.002"/>
  <system-out><![CDATA[2026-05-05T11:30:44.067+02:00  INFO 21043 --- [    Test worker] t.c.s.AnnotationConfigContextLoaderUtils : Could not detect default configuration classes for test class [com.commutr.dashboard.service.dashboard.AanbodDashboardProviderTest$GetConfig]: GetConfig does not declare any static, non-private, non-final, nested classes annotated with @Configuration.
2026-05-05T11:30:44.069+02:00  INFO 21043 --- [    Test worker] .b.t.c.SpringBootTestContextBootstrapper : Found @SpringBootConfiguration com.commutr.dashboard.DashboardApplication for test class com.commutr.dashboard.service.dashboard.AanbodDashboardProviderTest$GetConfig
Hibernate: insert into teams (name,id) values (?,default)
Hibernate: insert into teams (name,id) values (?,default)
Hibernate: insert into coaches (full_name,team_id,id) values (?,?,default)
Hibernate: insert into coaches (full_name,team_id,id) values (?,?,default)
Hibernate: insert into inwoners (administratienummer,birthdate,full_name,id) values (?,?,?,default)
Hibernate: insert into teams (name,id) values (?,default)
Hibernate: insert into teams (name,id) values (?,default)
Hibernate: insert into coaches (full_name,team_id,id) values (?,?,default)
Hibernate: insert into coaches (full_name,team_id,id) values (?,?,default)
Hibernate: insert into inwoners (administratienummer,birthdate,full_name,id) values (?,?,?,default)
]]></system-out>
  <system-err><![CDATA[]]></system-err>
</testsuite>
