<?xml version="1.0" encoding="UTF-8"?>
<testsuite name="com.commutr.dashboard.service.dashboard.AanbodDashboardProviderTest$GetDetails" tests="3" skipped="0" failures="0" errors="0" timestamp="2026-04-08T13:26:04" hostname="RITENSE-176.local" time="0.014">
  <properties/>
  <testcase name="filters by category (aanbodnaam)()" classname="com.commutr.dashboard.service.dashboard.AanbodDashboardProviderTest$GetDetails" time="0.004"/>
  <testcase name="detail rows contain afsluitreden()" classname="com.commutr.dashboard.service.dashboard.AanbodDashboardProviderTest$GetDetails" time="0.004"/>
  <testcase name="returns all when no category specified()" classname="com.commutr.dashboard.service.dashboard.AanbodDashboardProviderTest$GetDetails" time="0.005"/>
  <system-out><![CDATA[2026-04-08T15:26:04.955+02:00  INFO 68739 --- [    Test worker] t.c.s.AnnotationConfigContextLoaderUtils : Could not detect default configuration classes for test class [com.commutr.dashboard.service.dashboard.AanbodDashboardProviderTest$GetDetails]: GetDetails does not declare any static, non-private, non-final, nested classes annotated with @Configuration.
2026-04-08T15:26:04.961+02:00  INFO 68739 --- [    Test worker] .b.t.c.SpringBootTestContextBootstrapper : Found @SpringBootConfiguration com.commutr.dashboard.DashboardApplication for test class com.commutr.dashboard.service.dashboard.AanbodDashboardProviderTest$GetDetails
Hibernate: insert into teams (name,id) values (?,default)
Hibernate: insert into teams (name,id) values (?,default)
Hibernate: insert into coaches (full_name,team_id,id) values (?,?,default)
Hibernate: insert into coaches (full_name,team_id,id) values (?,?,default)
Hibernate: insert into inwoners (administratienummer,birthdate,full_name,id) values (?,?,?,default)
Hibernate: insert into aanbod (aanbodnaam,afsluitreden,coach_id,inwoner_id,start_date,team_id,id) values (?,?,?,?,?,?,default)
Hibernate: insert into aanbod (aanbodnaam,afsluitreden,coach_id,inwoner_id,start_date,team_id,id) values (?,?,?,?,?,?,default)
Hibernate: select a1_0.id,a1_0.aanbodnaam,a1_0.afsluitreden,a1_0.coach_id,a1_0.inwoner_id,a1_0.start_date,a1_0.team_id from aanbod a1_0 where (a1_0.afsluitreden is null or a1_0.afsluitreden not in (?,?))
Hibernate: insert into teams (name,id) values (?,default)
Hibernate: insert into teams (name,id) values (?,default)
Hibernate: insert into coaches (full_name,team_id,id) values (?,?,default)
Hibernate: insert into coaches (full_name,team_id,id) values (?,?,default)
Hibernate: insert into inwoners (administratienummer,birthdate,full_name,id) values (?,?,?,default)
Hibernate: insert into aanbod (aanbodnaam,afsluitreden,coach_id,inwoner_id,start_date,team_id,id) values (?,?,?,?,?,?,default)
Hibernate: select a1_0.id,a1_0.aanbodnaam,a1_0.afsluitreden,a1_0.coach_id,a1_0.inwoner_id,a1_0.start_date,a1_0.team_id from aanbod a1_0 where (a1_0.afsluitreden is null or a1_0.afsluitreden not in (?,?))
Hibernate: insert into teams (name,id) values (?,default)
Hibernate: insert into teams (name,id) values (?,default)
Hibernate: insert into coaches (full_name,team_id,id) values (?,?,default)
Hibernate: insert into coaches (full_name,team_id,id) values (?,?,default)
Hibernate: insert into inwoners (administratienummer,birthdate,full_name,id) values (?,?,?,default)
Hibernate: insert into aanbod (aanbodnaam,afsluitreden,coach_id,inwoner_id,start_date,team_id,id) values (?,?,?,?,?,?,default)
Hibernate: insert into aanbod (aanbodnaam,afsluitreden,coach_id,inwoner_id,start_date,team_id,id) values (?,?,?,?,?,?,default)
Hibernate: select a1_0.id,a1_0.aanbodnaam,a1_0.afsluitreden,a1_0.coach_id,a1_0.inwoner_id,a1_0.start_date,a1_0.team_id from aanbod a1_0 where (a1_0.afsluitreden is null or a1_0.afsluitreden not in (?,?))
]]></system-out>
  <system-err><![CDATA[]]></system-err>
</testsuite>
