<?xml version="1.0" encoding="UTF-8"?>
<testsuite name="com.commutr.dashboard.controller.DashboardControllerTest$GetDetails" tests="2" skipped="0" failures="0" errors="0" timestamp="2026-05-05T09:30:43" hostname="RITENSE-176.local" time="0.017">
  <properties/>
  <testcase name="returns detail rows for month()" classname="com.commutr.dashboard.controller.DashboardControllerTest$GetDetails" time="0.01"/>
  <testcase name="aanbod details support category param()" classname="com.commutr.dashboard.controller.DashboardControllerTest$GetDetails" time="0.007"/>
  <system-out><![CDATA[2026-05-05T11:30:43.563+02:00  INFO 21043 --- [    Test worker] t.c.s.AnnotationConfigContextLoaderUtils : Could not detect default configuration classes for test class [com.commutr.dashboard.controller.DashboardControllerTest$GetDetails]: GetDetails does not declare any static, non-private, non-final, nested classes annotated with @Configuration.
2026-05-05T11:30:43.564+02:00  INFO 21043 --- [    Test worker] .b.t.c.SpringBootTestContextBootstrapper : Found @SpringBootConfiguration com.commutr.dashboard.DashboardApplication for test class com.commutr.dashboard.controller.DashboardControllerTest$GetDetails
]]></system-out>
  <system-err><![CDATA[]]></system-err>
</testsuite>
